Path: 
Path: _metadata
Path: configStore
Path: configStore_items_MigrationComplete8.4
Path: configStore
Path: configStore_items_isEaRoleUpdated
Path: configStore
Path: configStore_items_partner.cert.migration.complete
Path: configStore
Path: configStore_items_AllowedTrackedParams
Path: configStore
Path: configStore_items_MigrationComplete8.4
Path: license_agreement
Path: license_agreement_items
Path: keyPairs_sslServer
Path: keyPairs_sslServer_items_beygezw1fq8s8bdl6x4bhm8nz
Path: keyPairs_sslServer_settings
Path: keyPairs_sslServer_settings_items
Path: keyPairs_sslServer_settings_items_activeRuntimeServerCerts_beygezw1fq8s8bdl6x4bhm8nz
Path: keyPairs_sslServer_settings_items_activeAdminConsoleCerts_beygezw1fq8s8bdl6x4bhm8nz
Path: keyPairs_sslServer_settings_items_adminConsoleCertRef_beygezw1fq8s8bdl6x4bhm8nz
Path: keyPairs_sslServer_settings_items_runtimeServerCertRef_beygezw1fq8s8bdl6x4bhm8nz
Path: keyPairs_signing
Path: keyPairs_signing_items_8tfeesiviqshawkvh3fr8zuw5
Path: keyPairs_oauthOpenIdConnect
Path: keyPairs_oauthOpenIdConnect_items
Path: dataStores
Path: dataStores_items_ProvisionerDS
Path: dataStores_items_ProvisionerDS_connectionUrlTags
Path: notificationPublishers_settings
Path: notificationPublishers_settings_items
Path: serverSettings
Path: serverSettings_items
Path: serverSettings_items_federationInfo
Path: serverSettings_items_contactInfo
Path: serverSettings_items_rolesAndProtocols
Path: serverSettings_items_rolesAndProtocols_oauthRole
Path: serverSettings_items_rolesAndProtocols_spRole
Path: serverSettings_items_rolesAndProtocols_spRole_saml20Profile
Path: serverSettings_items_rolesAndProtocols_idpRole
Path: serverSettings_items_rolesAndProtocols_idpRole_saml20Profile
Path: serverSettings_items_notifications
Path: serverSettings_systemKeys
Path: serverSettings_systemKeys_items
Path: serverSettings_systemKeys_items_current
Path: serverSettings_systemKeys_items_pending
Path: serverSettings_outboundProvisioning
Path: serverSettings_outboundProvisioning_items
Path: serverSettings_outboundProvisioning_items_dataStoreRef_ProvisionerDS
Path: administrativeAccounts
Path: administrativeAccounts_items
Path: certificates_revocation_settings
Path: certificates_revocation_settings_items
Path: certificates_revocation_settings_items_crlSettings
Path: virtualHostNames
Path: virtualHostNames_items
Path: redirectValidation
Path: redirectValidation_items
Path: redirectValidation_items_redirectValidationLocalSettings
Path: redirectValidation_items_redirectValidationPartnerSettings
Path: incomingProxySettings
Path: incomingProxySettings_items
Path: protocolMetadata_lifetimeSettings
Path: protocolMetadata_lifetimeSettings_items
Path: protocolMetadata_signingSettings
Path: protocolMetadata_signingSettings_items
Path: serviceAuthentication
Path: serviceAuthentication_items
Path: authenticationPolicyContracts
Path: authenticationPolicyContracts_items_HJIsb3gljzzYLq9I
Path: authenticationPolicyContracts_items_HJIsb3gljzzYLq9I_coreAttributes
Path: passwordCredentialValidators
Path: passwordCredentialValidators_items_simplePCV
Path: passwordCredentialValidators_items_simplePCV_configuration
Path: passwordCredentialValidators_items_simplePCV_configuration_tables
Path: passwordCredentialValidators_items_simplePCV_configuration_tables_rows
Path: passwordCredentialValidators_items_simplePCV_configuration_tables_rows_fields
Path: passwordCredentialValidators_items_simplePCV_configuration_tables_rows_fields
Path: passwordCredentialValidators_items_simplePCV_configuration_tables_rows_fields
Path: passwordCredentialValidators_items_simplePCV_configuration_tables_rows_fields
Path: passwordCredentialValidators_items_simplePCV_configuration_tables_rows
Path: passwordCredentialValidators_items_simplePCV_configuration_tables_rows_fields
Path: passwordCredentialValidators_items_simplePCV_configuration_tables_rows_fields
Path: passwordCredentialValidators_items_simplePCV_configuration_tables_rows_fields
Path: passwordCredentialValidators_items_simplePCV_configuration_tables_rows_fields
Path: passwordCredentialValidators_items_simplePCV_pluginDescriptorRef_org.sourceid.saml20.domain.SimpleUsernamePasswordCredentialValidator
Path: passwordCredentialValidators_items_simplePCV_attributeContract
Path: passwordCredentialValidators_items_simplePCV_attributeContract_coreAttributes
Path: oauth_accessTokenManagers_settings
Path: oauth_accessTokenManagers_settings_items
Path: kerberos_realms_settings
Path: kerberos_realms_settings_items
Path: idp_adapters
Path: idp_adapters_items_htmlFormAdapter
Path: idp_adapters_items_htmlFormAdapter_attributeMapping
Path: idp_adapters_items_htmlFormAdapter_attributeMapping_attributeContractFulfillment
Path: idp_adapters_items_htmlFormAdapter_attributeMapping_attributeContractFulfillment_policy.action
Path: idp_adapters_items_htmlFormAdapter_attributeMapping_attributeContractFulfillment_policy.action_source
Path: idp_adapters_items_htmlFormAdapter_attributeMapping_attributeContractFulfillment_username
Path: idp_adapters_items_htmlFormAdapter_attributeMapping_attributeContractFulfillment_username_source
Path: idp_adapters_items_htmlFormAdapter_attributeMapping_issuanceCriteria
Path: idp_adapters_items_htmlFormAdapter_configuration
Path: idp_adapters_items_htmlFormAdapter_configuration_tables
Path: idp_adapters_items_htmlFormAdapter_configuration_tables_rows
Path: idp_adapters_items_htmlFormAdapter_configuration_tables_rows_fields
Path: idp_adapters_items_htmlFormAdapter_configuration_fields
Path: idp_adapters_items_htmlFormAdapter_configuration_fields
Path: idp_adapters_items_htmlFormAdapter_configuration_fields
Path: idp_adapters_items_htmlFormAdapter_configuration_fields
Path: idp_adapters_items_htmlFormAdapter_configuration_fields
Path: idp_adapters_items_htmlFormAdapter_configuration_fields
Path: idp_adapters_items_htmlFormAdapter_configuration_fields
Path: idp_adapters_items_htmlFormAdapter_configuration_fields
Path: idp_adapters_items_htmlFormAdapter_configuration_fields
Path: idp_adapters_items_htmlFormAdapter_configuration_fields
Path: idp_adapters_items_htmlFormAdapter_configuration_fields
Path: idp_adapters_items_htmlFormAdapter_configuration_fields
Path: idp_adapters_items_htmlFormAdapter_configuration_fields
Path: idp_adapters_items_htmlFormAdapter_configuration_fields
Path: idp_adapters_items_htmlFormAdapter_configuration_fields
Path: idp_adapters_items_htmlFormAdapter_configuration_fields
Path: idp_adapters_items_htmlFormAdapter_configuration_fields
Path: idp_adapters_items_htmlFormAdapter_configuration_fields
Path: idp_adapters_items_htmlFormAdapter_configuration_fields
Path: idp_adapters_items_htmlFormAdapter_configuration_fields
Path: idp_adapters_items_htmlFormAdapter_configuration_fields
Path: idp_adapters_items_htmlFormAdapter_configuration_fields
Path: idp_adapters_items_htmlFormAdapter_configuration_fields
Path: idp_adapters_items_htmlFormAdapter_configuration_fields
Path: idp_adapters_items_htmlFormAdapter_configuration_fields
Path: idp_adapters_items_htmlFormAdapter_configuration_fields
Path: idp_adapters_items_htmlFormAdapter_configuration_fields
Path: idp_adapters_items_htmlFormAdapter_configuration_fields
Path: idp_adapters_items_htmlFormAdapter_configuration_fields
Path: idp_adapters_items_htmlFormAdapter_configuration_fields
Path: idp_adapters_items_htmlFormAdapter_configuration_fields
Path: idp_adapters_items_htmlFormAdapter_configuration_fields
Path: idp_adapters_items_htmlFormAdapter_configuration_fields
Path: idp_adapters_items_htmlFormAdapter_configuration_fields
Path: idp_adapters_items_htmlFormAdapter_configuration_fields
Path: idp_adapters_items_htmlFormAdapter_configuration_fields
Path: idp_adapters_items_htmlFormAdapter_configuration_fields
Path: idp_adapters_items_htmlFormAdapter_configuration_fields
Path: idp_adapters_items_htmlFormAdapter_configuration_fields
Path: idp_adapters_items_htmlFormAdapter_configuration_fields
Path: idp_adapters_items_htmlFormAdapter_configuration_fields
Path: idp_adapters_items_htmlFormAdapter_configuration_fields
Path: idp_adapters_items_htmlFormAdapter_configuration_fields
Path: idp_adapters_items_htmlFormAdapter_configuration_fields
Path: idp_adapters_items_htmlFormAdapter_configuration_fields
Path: idp_adapters_items_htmlFormAdapter_configuration_fields
Path: idp_adapters_items_htmlFormAdapter_configuration_fields
Path: idp_adapters_items_htmlFormAdapter_configuration_fields
Path: idp_adapters_items_htmlFormAdapter_configuration_fields
Path: idp_adapters_items_htmlFormAdapter_configuration_fields
Path: idp_adapters_items_htmlFormAdapter_pluginDescriptorRef_com.pingidentity.adapters.htmlform.idp.HtmlFormIdpAuthnAdapter
Path: idp_adapters_items_htmlFormAdapter_attributeContract
Path: idp_adapters_items_htmlFormAdapter_attributeContract_coreAttributes
Path: idp_adapters_items_htmlFormAdapter_attributeContract_coreAttributes
Path: idp_defaultUrls
Path: idp_defaultUrls_items
Path: sp_defaultUrls
Path: sp_defaultUrls_items
Ignoring resourceType:/idp/spConnections
Path: session_settings
Path: session_settings_items
Path: session_applicationSessionPolicy
Path: session_applicationSessionPolicy_items
Path: session_authenticationSessionPolicies_global
Path: session_authenticationSessionPolicies_global_items
Path: oauth_authServerSettings
Path: oauth_authServerSettings_items
Path: oauth_authServerSettings_items_persistentGrantContract
Path: oauth_authServerSettings_items_persistentGrantContract_coreAttributes
Path: oauth_authServerSettings_items_persistentGrantContract_coreAttributes
Path: oauth_cibaServerPolicy_settings
Path: oauth_cibaServerPolicy_settings_items
Path: oauth_openIdConnect_settings
Path: oauth_openIdConnect_settings_items
Path: oauth_openIdConnect_settings_items_sessionSettings
Path: oauth_tokenExchange_processor_settings
Path: oauth_tokenExchange_processor_settings_items
Path: oauth_tokenExchange_generator_settings
Path: oauth_tokenExchange_generator_settings_items
Path: oauth_clientSettings
Path: oauth_clientSettings_items
Path: authenticationApi_settings
Path: authenticationApi_settings_items
Path: authenticationPolicies_default
Path: authenticationPolicies_default_items
Path: authenticationPolicies_default_items_authnSelectionTrees
Path: authenticationPolicies_default_items_authnSelectionTrees_rootNode
Path: authenticationPolicies_default_items_authnSelectionTrees_rootNode_children
Path: authenticationPolicies_default_items_authnSelectionTrees_rootNode_children_action
Path: authenticationPolicies_default_items_authnSelectionTrees_rootNode_children
Path: authenticationPolicies_default_items_authnSelectionTrees_rootNode_children_children
Path: authenticationPolicies_default_items_authnSelectionTrees_rootNode_children_children_action
Path: authenticationPolicies_default_items_authnSelectionTrees_rootNode_children_children
Path: authenticationPolicies_default_items_authnSelectionTrees_rootNode_children_children_action
Path: authenticationPolicies_default_items_authnSelectionTrees_rootNode_children_children_action_attributeMapping
Path: authenticationPolicies_default_items_authnSelectionTrees_rootNode_children_children_action_attributeMapping_attributeContractFulfillment
Path: authenticationPolicies_default_items_authnSelectionTrees_rootNode_children_children_action_attributeMapping_attributeContractFulfillment_subject
Path: authenticationPolicies_default_items_authnSelectionTrees_rootNode_children_children_action_attributeMapping_attributeContractFulfillment_subject_source_htmlFormAdapter
Path: authenticationPolicies_default_items_authnSelectionTrees_rootNode_children_children_action_attributeMapping_issuanceCriteria
Path: authenticationPolicies_default_items_authnSelectionTrees_rootNode_children_children_action_authenticationPolicyContractRef_HJIsb3gljzzYLq9I
Path: authenticationPolicies_default_items_authnSelectionTrees_rootNode_children_action
Path: authenticationPolicies_default_items_authnSelectionTrees_rootNode_children_action_authenticationSource
Path: authenticationPolicies_default_items_authnSelectionTrees_rootNode_children_action_authenticationSource_sourceRef_htmlFormAdapter
Path: authenticationPolicies_default_items_authnSelectionTrees_rootNode_action
Path: authenticationPolicies_default_items_authnSelectionTrees_rootNode_action_authenticationSource
Path: authenticationPolicies_default_items_authnSelectionTrees_rootNode_action_authenticationSource_sourceRef_htmlFormAdapter
Path: authenticationPolicies_settings
Path: authenticationPolicies_settings_items
